Drill report for C:\Users\levy\Google Drive\cwiartka\kicad\plyta_glowna.kicad_pcb
Created on 2019-01-28 20:15:36

Copper Layer Stackup:
    =============================================================
    L1 :  F.Cu                      front
    L2 :  B.Cu                      back


Drill file 'plyta_glowna-PTH.drl' contains
    plated through holes:
    =============================================================
    T1  0,40mm  0,016"  (32 holes)
    T2  0,50mm  0,020"  (24 holes)
    T3  0,81mm  0,032"  (4 holes)
    T4  0,89mm  0,035"  (24 holes)
    T5  1,00mm  0,039"  (23 holes)
    T6  1,14mm  0,045"  (18 holes)
    T7  1,20mm  0,047"  (7 holes)
    T8  1,40mm  0,055"  (2 holes)
    T9  1,57mm  0,062"  (4 holes)
    T10  2,30mm  0,091"  (2 holes)
    T11  3,20mm  0,126"  (3 holes)
    T12  3,30mm  0,130"  (4 holes)

    Total plated holes count 147


Drill file 'plyta_glowna-NPTH.drl' contains
    unplated through holes:
    =============================================================

    Total unplated holes count 0
